<?xml version="1.0" encoding="UTF-8"?>
<!-- Generated by org.testng.reporters.JUnitReportReporter -->
<testsuite hostname="CSCO-W-PF2S3T6E" failures="0" tests="2" name="runner.TestRunner" time="3.521" errors="0" timestamp="2021-12-22T11:35:49 IST" skipped="0">
  <testcase classname="runner.TestRunner" name="runScenario" time="0.712"/>
  <system-out/>
  <testcase classname="runner.TestRunner" name="runScenario" time="2.809"/>
  <system-out/>
</testsuite> <!-- runner.TestRunner -->
