<?xml version="1.0" encoding="UTF-8"?>
<!-- Generated by org.testng.reporters.JUnitReportReporter -->
<testsuite hostname="CSCO-W-PF2S3T6E" failures="0" tests="1" name="com.rediff.Tests" time="0.013" errors="0" timestamp="2021-11-22T20:48:52 IST" skipped="0">
  <testcase classname="com.rediff.Tests" name="test" time="0.013"/>
  <system-out/>
</testsuite> <!-- com.rediff.Tests -->
