<?xml version="1.0" encoding="UTF-8"?>
<!-- Generated by org.testng.reporters.JUnitReportReporter -->
<testsuite hostname="CSCO-W-PF2S3T6E" failures="0" tests="1" name="com.readexcel.TestGetResponse" time="5.073" errors="0" timestamp="2021-12-20T18:36:40 IST" skipped="0">
  <testcase classname="com.readexcel.TestGetResponse" name="addUserResponse" time="5.073"/>
  <system-out/>
</testsuite> <!-- com.readexcel.TestGetResponse -->
