<?xml version="1.0" encoding="UTF-8"?>
<!-- Generated by org.testng.reporters.JUnitReportReporter -->
<testsuite hostname="CSCO-W-PF2S3T6E" failures="0" tests="1" name="testng.RunCucumberTest" time="0.074" errors="0" timestamp="2021-12-14T13:14:33 IST" skipped="0">
  <testcase classname="testng.RunCucumberTest" name="runScenario" time="0.074"/>
  <system-out/>
</testsuite> <!-- testng.RunCucumberTest -->
