<?xml version="1.0" encoding="UTF-8"?>
<!-- Generated by org.testng.reporters.JUnitReportReporter -->
<testsuite hostname="CSCO-W-PF2S3T6E" failures="0" tests="1" name="testng.NewTest" time="0.009" errors="0" timestamp="2021-12-14T13:06:46 IST" skipped="0">
  <testcase classname="testng.NewTest" name="f" time="0.009"/>
  <system-out/>
</testsuite> <!-- testng.NewTest -->
