<?xml version="1.0" encoding="UTF-8"?>
<!-- Generated by org.testng.reporters.JUnitReportReporter -->
<testsuite hostname="CSCO-W-PF2S3T6E" failures="0" tests="4" name="com.testng.ClassB" time="0.007" errors="0" timestamp="2022-07-20T14:40:38 IST" skipped="0">
  <testcase classname="com.testng.ClassB" name="TestB" time="0.001"/>
  <system-out/>
  <testcase classname="com.testng.ClassB" name="TestD" time="0.002"/>
  <system-out/>
  <testcase classname="com.testng.ClassB" name="TestC" time="0.002"/>
  <system-out/>
  <testcase classname="com.testng.ClassB" name="TestA" time="0.002"/>
  <system-out/>
</testsuite> <!-- com.testng.ClassB -->
