<?xml version="1.0" encoding="UTF-8"?>
<!-- Generated by org.testng.reporters.JUnitReportReporter -->
<testsuite hostname="CSCO-W-PF2S3T6E" failures="0" tests="1" name="com.testng.LibAmazon" time="0.006" errors="0" timestamp="2021-11-06T19:56:21 IST" skipped="0">
  <testcase classname="com.testng.LibAmazon" name="f" time="0.006"/>
  <system-out/>
</testsuite> <!-- com.testng.LibAmazon -->
