<?xml version="1.0" encoding="UTF-8"?>
<!-- Generated by org.testng.reporters.JUnitReportReporter -->
<testsuite hostname="CSCO-W-PF2S3T6E" failures="0" tests="4" name="com.testng.ClassA" time="8.044" errors="0" timestamp="2022-07-20T14:40:38 IST" skipped="0">
  <testcase classname="com.testng.ClassA" name="TestB" time="2.023"/>
  <system-out/>
  <testcase classname="com.testng.ClassA" name="TestD" time="2.003"/>
  <system-out/>
  <testcase classname="com.testng.ClassA" name="TestC" time="2.010"/>
  <system-out/>
  <testcase classname="com.testng.ClassA" name="TestA" time="2.008"/>
  <system-out/>
</testsuite> <!-- com.testng.ClassA -->
