<?xml version="1.0" encoding="UTF-8"?>
<!-- Generated by org.testng.reporters.JUnitReportReporter -->
<testsuite hostname="CSCO-W-PF2S3T6E" failures="0" tests="5" name="com.testng.TestCases" time="0.013" errors="0" timestamp="2022-07-19T23:27:22 IST" skipped="0">
  <testcase classname="com.testng.TestCases" name="TestB" time="0.006"/>
  <system-out/>
  <testcase classname="com.testng.TestCases" name="testLogin" time="0.002"/>
  <system-out/>
  <testcase classname="com.testng.TestCases" name="testLogin" time="0.002"/>
  <system-out/>
  <testcase classname="com.testng.TestCases" name="testLogin" time="0.001"/>
  <system-out/>
  <testcase classname="com.testng.TestCases" name="testLogin" time="0.002"/>
  <system-out/>
</testsuite> <!-- com.testng.TestCases -->
