<?xml version="1.0" encoding="UTF-8"?>
<!-- Generated by org.testng.reporters.JUnitReportReporter -->
<testsuite hostname="CSCO-W-PF2S3T6E" failures="0" tests="1" name="com.testng.MyTests" time="0.003" errors="0" timestamp="2021-12-12T10:44:20 IST" skipped="0">
  <testcase classname="com.testng.MyTests" name="test" time="0.003"/>
  <system-out/>
</testsuite> <!-- com.testng.MyTests -->
